[debug] [2026-06-20T20:56:27.047Z] ----------------------------------------------------------------------
[debug] [2026-06-20T20:56:27.048Z] Command:       /Users/toddalbert/.nvm/versions/node/v20.4.0/bin/node /Users/toddalbert/.nvm/versions/node/v20.4.0/bin/firebase deploy
[debug] [2026-06-20T20:56:27.049Z] CLI Version:   14.14.0
[debug] [2026-06-20T20:56:27.049Z] Platform:      darwin
[debug] [2026-06-20T20:56:27.049Z] Node Version:  v20.4.0
[debug] [2026-06-20T20:56:27.049Z] Time:          Sat Jun 20 2026 16:56:27 GMT-0400 (Eastern Daylight Time)
[debug] [2026-06-20T20:56:27.049Z] ----------------------------------------------------------------------
[debug] 
[debug] [2026-06-20T20:56:27.159Z] > command requires scopes: ["email","openid","https://www.googleapis.com/auth/cloudplatformprojects.readonly","https://www.googleapis.com/auth/firebase","https://www.googleapis.com/auth/cloud-platform"]
[debug] [2026-06-20T20:56:27.159Z] > authorizing via signed-in user (toddalbert@gmail.com)
[debug] [2026-06-20T20:56:27.159Z] [iam] checking project toddalbert-com for permissions ["firebase.projects.get","firebasehosting.sites.update"]
[debug] [2026-06-20T20:56:27.160Z] Checked if tokens are valid: false, expires at: 1781983971779
[debug] [2026-06-20T20:56:27.161Z] Checked if tokens are valid: false, expires at: 1781983971779
[debug] [2026-06-20T20:56:27.161Z] > refreshing access token with scopes: []
[debug] [2026-06-20T20:56:27.162Z] >>> [apiv2][query] POST https://www.googleapis.com/oauth2/v3/token [none]
[debug] [2026-06-20T20:56:27.162Z] >>> [apiv2][body] POST https://www.googleapis.com/oauth2/v3/token [omitted]
[debug] [2026-06-20T20:56:27.366Z] <<< [apiv2][status] POST https://www.googleapis.com/oauth2/v3/token 200
[debug] [2026-06-20T20:56:27.366Z] <<< [apiv2][body] POST https://www.googleapis.com/oauth2/v3/token [omitted]
[debug] [2026-06-20T20:56:27.390Z] >>> [apiv2][query] POST https://cloudresourcemanager.googleapis.com/v1/projects/toddalbert-com:testIamPermissions [none]
[debug] [2026-06-20T20:56:27.390Z] >>> [apiv2][(partial)header] POST https://cloudresourcemanager.googleapis.com/v1/projects/toddalbert-com:testIamPermissions x-goog-quota-user=projects/toddalbert-com
[debug] [2026-06-20T20:56:27.390Z] >>> [apiv2][body] POST https://cloudresourcemanager.googleapis.com/v1/projects/toddalbert-com:testIamPermissions {"permissions":["firebase.projects.get","firebasehosting.sites.update"]}
[debug] [2026-06-20T20:56:27.660Z] <<< [apiv2][status] POST https://cloudresourcemanager.googleapis.com/v1/projects/toddalbert-com:testIamPermissions 200
[debug] [2026-06-20T20:56:27.661Z] <<< [apiv2][body] POST https://cloudresourcemanager.googleapis.com/v1/projects/toddalbert-com:testIamPermissions {"permissions":["firebase.projects.get","firebasehosting.sites.update"]}
[debug] [2026-06-20T20:56:27.662Z] Checked if tokens are valid: true, expires at: 1781992586366
[debug] [2026-06-20T20:56:27.662Z] Checked if tokens are valid: true, expires at: 1781992586366
[debug] [2026-06-20T20:56:27.664Z] >>> [apiv2][query] GET https://firebase.googleapis.com/v1beta1/projects/toddalbert-com [none]
[debug] [2026-06-20T20:56:28.003Z] <<< [apiv2][status] GET https://firebase.googleapis.com/v1beta1/projects/toddalbert-com 200
[debug] [2026-06-20T20:56:28.003Z] <<< [apiv2][body] GET https://firebase.googleapis.com/v1beta1/projects/toddalbert-com {"projectId":"toddalbert-com","projectNumber":"90484764714","displayName":"toddalbert-com","name":"projects/toddalbert-com","resources":{"hostingSite":"toddalbert-com","realtimeDatabaseInstance":"toddalbert-com","locationId":"us-central"},"state":"ACTIVE","etag":"1_b264cc83-685a-4f0b-9c16-e149f7edcbef"}
[info] 
   Thank you for trying our early preview of Next.js support on Firebase Hosting.
   During the preview, support is best-effort and breaking changes can be expected. Proceed with caution.

   Documentation: https://firebase.google.com/docs/hosting/frameworks/nextjs
   File a bug: https://github.com/firebase/firebase-tools/issues/new?template=bug_report.md
   Submit a feature request: https://github.com/firebase/firebase-tools/issues/new?template=feature_request.md

   We'd love to learn from you. Express your interest in helping us shape the future of Firebase Hosting: https://goo.gle/41enW5X

[debug] [2026-06-20T20:56:31.153Z] Checked if tokens are valid: true, expires at: 1781992586366
[debug] [2026-06-20T20:56:31.153Z] Checked if tokens are valid: true, expires at: 1781992586366
[debug] [2026-06-20T20:56:31.153Z] >>> [apiv2][query] GET https://firebasehosting.googleapis.com/v1beta1/projects/toddalbert-com/sites/toddalbert-com [none]
